2025-09-23 00:57:22,086 - INFO - Books loaded successfully!
2025-09-23 00:57:54,468 - INFO - Books loaded successfully!
2025-09-23 00:58:42,497 - INFO - Books loaded successfully!
2025-09-23 00:58:49,174 - INFO - Anonymized telemetry enabled. See                     https://docs.trychroma.com/telemetry for more information.
2025-09-23 20:31:47,357 - INFO - Books loaded successfully!
2025-09-23 20:31:59,486 - INFO - HTTP Request: POST http://localhost:4000/embeddings "HTTP/1.1 200 OK"
2025-09-23 20:32:10,953 - INFO - HTTP Request: POST http://localhost:4000/embeddings "HTTP/1.1 200 OK"
2025-09-23 20:32:22,582 - INFO - HTTP Request: POST http://localhost:4000/embeddings "HTTP/1.1 200 OK"
2025-09-23 20:32:34,609 - INFO - HTTP Request: POST http://localhost:4000/embeddings "HTTP/1.1 200 OK"
2025-09-23 20:32:46,524 - INFO - HTTP Request: POST http://localhost:4000/embeddings "HTTP/1.1 200 OK"
2025-09-23 20:33:00,055 - INFO - HTTP Request: POST http://localhost:4000/embeddings "HTTP/1.1 200 OK"
2025-09-23 20:33:11,952 - INFO - HTTP Request: POST http://localhost:4000/embeddings "HTTP/1.1 200 OK"
2025-09-23 20:33:24,269 - INFO - HTTP Request: POST http://localhost:4000/embeddings "HTTP/1.1 200 OK"
2025-09-23 20:33:35,576 - INFO - HTTP Request: POST http://localhost:4000/embeddings "HTTP/1.1 200 OK"
2025-09-23 20:33:46,038 - INFO - HTTP Request: POST http://localhost:4000/embeddings "HTTP/1.1 200 OK"
2025-09-23 20:33:47,181 - INFO - Loading faiss with AVX2 support.
2025-09-23 20:33:48,139 - INFO - Successfully loaded faiss with AVX2 support.
2025-09-23 20:33:48,557 - INFO - Vector store from document created successfully!
2025-09-23 20:33:49,305 - INFO - HTTP Request: POST http://localhost:4000/chat/completions "HTTP/1.1 400 Bad Request"
2025-09-23 20:35:20,556 - INFO - Books loaded successfully!
2025-09-23 20:35:21,265 - INFO - Loading faiss with AVX2 support.
2025-09-23 20:35:21,279 - INFO - Successfully loaded faiss with AVX2 support.
2025-09-23 20:35:21,326 - INFO - Vector store from document created successfully!
2025-09-23 20:36:15,467 - INFO - HTTP Request: POST http://localhost:4000/chat/completions "HTTP/1.1 200 OK"
2025-09-23 20:36:15,617 - INFO - HTTP Request: POST http://localhost:4000/embeddings "HTTP/1.1 200 OK"
2025-09-23 20:36:48,855 - INFO - HTTP Request: POST http://localhost:4000/chat/completions "HTTP/1.1 200 OK"
2025-09-23 20:43:22,837 - INFO - Books loaded successfully!
2025-09-23 20:43:23,541 - INFO - Loading faiss with AVX2 support.
2025-09-23 20:43:23,553 - INFO - Successfully loaded faiss with AVX2 support.
2025-09-23 20:43:23,593 - INFO - Vector store from books created successfully!
2025-09-23 20:44:10,963 - INFO - HTTP Request: POST http://localhost:4000/chat/completions "HTTP/1.1 200 OK"
2025-09-23 20:44:11,624 - INFO - HTTP Request: POST http://localhost:4000/embeddings "HTTP/1.1 200 OK"
2025-09-23 20:44:38,566 - INFO - HTTP Request: POST http://localhost:4000/chat/completions "HTTP/1.1 200 OK"
2025-09-23 20:46:01,911 - INFO - Books loaded successfully!
2025-09-23 20:46:02,617 - INFO - Loading faiss with AVX2 support.
2025-09-23 20:46:02,631 - INFO - Successfully loaded faiss with AVX2 support.
2025-09-23 20:46:02,662 - INFO - Vector store from books created successfully!
2025-09-23 20:46:03,199 - INFO - HTTP Request: POST http://localhost:4000/embeddings "HTTP/1.1 200 OK"
2025-09-23 20:46:26,796 - INFO - HTTP Request: POST http://localhost:4000/chat/completions "HTTP/1.1 200 OK"
2025-09-23 21:09:22,987 - INFO - Books loaded successfully!
2025-09-23 21:09:23,675 - INFO - Loading faiss with AVX2 support.
2025-09-23 21:09:23,688 - INFO - Successfully loaded faiss with AVX2 support.
2025-09-23 21:09:23,719 - INFO - Vector store from books created successfully!
2025-09-23 21:09:24,619 - INFO - HTTP Request: POST http://localhost:4000/embeddings "HTTP/1.1 200 OK"
2025-09-23 21:09:52,965 - INFO - HTTP Request: POST http://localhost:4000/chat/completions "HTTP/1.1 200 OK"
2025-09-23 21:13:22,191 - INFO - Books loaded successfully!
2025-09-23 21:13:22,897 - INFO - Loading faiss with AVX2 support.
2025-09-23 21:13:22,914 - INFO - Successfully loaded faiss with AVX2 support.
2025-09-23 21:13:22,946 - INFO - Vector store from books created successfully!
2025-09-23 21:13:23,478 - INFO - HTTP Request: POST http://localhost:4000/embeddings "HTTP/1.1 200 OK"
2025-09-23 21:13:41,314 - INFO - HTTP Request: POST http://localhost:4000/chat/completions "HTTP/1.1 200 OK"
2025-09-23 22:04:28,837 - INFO - Books loaded successfully!
2025-09-23 22:04:29,569 - INFO - Loading faiss with AVX2 support.
2025-09-23 22:04:29,583 - INFO - Successfully loaded faiss with AVX2 support.
2025-09-23 22:04:29,616 - INFO - Vector store from books created successfully!
2025-09-23 22:08:33,132 - INFO - HTTP Request: POST http://localhost:4000/embeddings "HTTP/1.1 200 OK"
2025-09-23 22:08:46,541 - INFO - HTTP Request: POST http://localhost:4000/chat/completions "HTTP/1.1 200 OK"
2025-09-23 22:08:46,546 - INFO - Query processed successfully!
2025-09-23 22:52:54,422 - INFO - Books loaded successfully!
2025-09-23 22:52:55,123 - INFO - Loading faiss with AVX2 support.
2025-09-23 22:52:55,138 - INFO - Successfully loaded faiss with AVX2 support.
2025-09-23 22:52:55,170 - INFO - Vector store from books created successfully!
2025-09-23 22:52:56,135 - INFO - HTTP Request: POST http://localhost:4000/embeddings "HTTP/1.1 200 OK"
2025-09-23 22:53:16,134 - INFO - HTTP Request: POST http://localhost:4000/chat/completions "HTTP/1.1 200 OK"
2025-09-23 22:59:34,301 - INFO - Books loaded successfully!
2025-09-23 22:59:35,016 - INFO - Loading faiss with AVX2 support.
2025-09-23 22:59:35,030 - INFO - Successfully loaded faiss with AVX2 support.
2025-09-23 22:59:35,062 - INFO - Vector store from books created successfully!
2025-09-23 22:59:35,950 - INFO - HTTP Request: POST http://localhost:4000/embeddings "HTTP/1.1 200 OK"
2025-09-23 22:59:54,402 - INFO - HTTP Request: POST http://localhost:4000/chat/completions "HTTP/1.1 200 OK"
2025-09-23 22:59:54,407 - INFO - Query processed successfully!
2025-09-23 23:00:18,438 - INFO - Books loaded successfully!
2025-09-23 23:00:19,136 - INFO - Loading faiss with AVX2 support.
2025-09-23 23:00:19,152 - INFO - Successfully loaded faiss with AVX2 support.
2025-09-23 23:00:19,184 - INFO - Vector store from books created successfully!
2025-09-23 23:00:19,705 - INFO - HTTP Request: POST http://localhost:4000/embeddings "HTTP/1.1 200 OK"
2025-09-23 23:00:27,566 - INFO - HTTP Request: POST http://localhost:4000/chat/completions "HTTP/1.1 200 OK"
2025-09-23 23:00:27,572 - INFO - Query processed successfully!
2025-09-23 23:30:32,816 - INFO - Books loaded successfully!
2025-09-23 23:30:33,973 - INFO - Loading faiss with AVX2 support.
2025-09-23 23:30:33,995 - INFO - Successfully loaded faiss with AVX2 support.
2025-09-23 23:30:34,035 - INFO - Vector store from books created successfully!
2025-09-23 23:30:34,988 - INFO - HTTP Request: POST http://localhost:4000/embeddings "HTTP/1.1 200 OK"
2025-09-23 23:30:57,736 - INFO - HTTP Request: POST http://localhost:4000/chat/completions "HTTP/1.1 200 OK"
2025-09-23 23:30:57,744 - INFO - Query processed successfully!
